[2019-06-26 08:40:47.583] [renderer1] [error] Error: Error: ENOENT: no such file or directory, stat '/home/aamir/buswala/.vscode'
[2019-06-26 10:51:55.346] [renderer1] [error] Unable to move/copy when source path is equal or parent of target path: Error: Unable to move/copy when source path is equal or parent of target path
    at b.<anonymous> (file:///usr/share/code/resources/app/out/vs/workbench/workbench.main.js:3345:429)
    at Generator.next (<anonymous>)
    at file:///usr/share/code/resources/app/out/vs/workbench/workbench.main.js:34:621
    at new Promise (<anonymous>)
    at n (file:///usr/share/code/resources/app/out/vs/workbench/workbench.main.js:34:398)
    at b.doValidateMoveCopy (file:///usr/share/code/resources/app/out/vs/workbench/workbench.main.js:3345:282)
    at b.<anonymous> (file:///usr/share/code/resources/app/out/vs/workbench/workbench.main.js:3343:943)
    at Generator.next (<anonymous>)
    at file:///usr/share/code/resources/app/out/vs/workbench/workbench.main.js:34:621
    at new Promise (<anonymous>)
    at n (file:///usr/share/code/resources/app/out/vs/workbench/workbench.main.js:34:398)
    at b.doMoveCopy (file:///usr/share/code/resources/app/out/vs/workbench/workbench.main.js:3343:868)
    at b.<anonymous> (file:///usr/share/code/resources/app/out/vs/workbench/workbench.main.js:3343:338)
    at Generator.next (<anonymous>)
    at r (file:///usr/share/code/resources/app/out/vs/workbench/workbench.main.js:34:454)
    at process._tickCallback (internal/process/next_tick.js:68:7)
[2019-06-26 12:10:31.958] [renderer1] [error] TypeScript Server Error (3.5.1)
Cannot read property 'emitNode' of undefined
TypeError: Cannot read property 'emitNode' of undefined
    at Object.getStartsOnNewLine (tsserver.js:64087:29)
    at shouldWriteSeparatingLineTerminator (tsserver.js:87425:27)
    at emitNodeList (tsserver.js:87210:29)
    at emitList (tsserver.js:87107:13)
    at Object.writeList (tsserver.js:84550:13)
    at tsserver.js:107985:29
    at Object.mapToDisplayParts (tsserver.js:97521:13)
    at itemInfoForParameters (tsserver.js:107982:41)
    at getSignatureHelpItem (tsserver.js:107948:95)
    at tsserver.js:107921:79
    at Array.map (<anonymous>)
    at createSignatureHelpItems (tsserver.js:107921:36)
    at tsserver.js:107580:120
    at Object.runWithCancellationToken (tsserver.js:31649:28)
    at tsserver.js:107580:44
    at Object.firstDefined (tsserver.js:307:26)
    at tsserver.js:107576:27
    at Object.firstDefined (tsserver.js:307:26)
    at createJSSignatureHelpItems (tsserver.js:107575:56)
    at Object.getSignatureHelpItems (tsserver.js:107509:56)
    at Object.getSignatureHelpItems (tsserver.js:122240:37)
    at IOSession.Session.getSignatureHelpItems (tsserver.js:131190:62)
    at Session.handlers.ts.createMapFromTemplate._a.(anonymous function) (tsserver.js:130090:61)
    at tsserver.js:131637:88
    at IOSession.Session.executeWithRequestId (tsserver.js:131628:28)
    at IOSession.Session.executeCommand (tsserver.js:131637:33)
    at IOSession.Session.onMessage (tsserver.js:131659:35)
    at Interface.<anonymous> (tsserver.js:132950:27)
    at Interface.emit (events.js:182:13)
    at Interface._onLine (readline.js:290:10)
    at Interface._normalWrite (readline.js:433:12)
    at Socket.ondata (readline.js:149:10)
    at Socket.emit (events.js:182:13)
    at addChunk (_stream_readable.js:279:12)
    at readableAddChunk (_stream_readable.js:264:11)
    at Socket.Readable.push (_stream_readable.js:219:10)
    at Pipe.onread (net.js:636:20): Error: TypeScript Server Error (3.5.1)
Cannot read property 'emitNode' of undefined
TypeError: Cannot read property 'emitNode' of undefined
    at Object.getStartsOnNewLine (tsserver.js:64087:29)
    at shouldWriteSeparatingLineTerminator (tsserver.js:87425:27)
    at emitNodeList (tsserver.js:87210:29)
    at emitList (tsserver.js:87107:13)
    at Object.writeList (tsserver.js:84550:13)
    at tsserver.js:107985:29
    at Object.mapToDisplayParts (tsserver.js:97521:13)
    at itemInfoForParameters (tsserver.js:107982:41)
    at getSignatureHelpItem (tsserver.js:107948:95)
    at tsserver.js:107921:79
    at Array.map (<anonymous>)
    at createSignatureHelpItems (tsserver.js:107921:36)
    at tsserver.js:107580:120
    at Object.runWithCancellationToken (tsserver.js:31649:28)
    at tsserver.js:107580:44
    at Object.firstDefined (tsserver.js:307:26)
    at tsserver.js:107576:27
    at Object.firstDefined (tsserver.js:307:26)
    at createJSSignatureHelpItems (tsserver.js:107575:56)
    at Object.getSignatureHelpItems (tsserver.js:107509:56)
    at Object.getSignatureHelpItems (tsserver.js:122240:37)
    at IOSession.Session.getSignatureHelpItems (tsserver.js:131190:62)
    at Session.handlers.ts.createMapFromTemplate._a.(anonymous function) (tsserver.js:130090:61)
    at tsserver.js:131637:88
    at IOSession.Session.executeWithRequestId (tsserver.js:131628:28)
    at IOSession.Session.executeCommand (tsserver.js:131637:33)
    at IOSession.Session.onMessage (tsserver.js:131659:35)
    at Interface.<anonymous> (tsserver.js:132950:27)
    at Interface.emit (events.js:182:13)
    at Interface._onLine (readline.js:290:10)
    at Interface._normalWrite (readline.js:433:12)
    at Socket.ondata (readline.js:149:10)
    at Socket.emit (events.js:182:13)
    at addChunk (_stream_readable.js:279:12)
    at readableAddChunk (_stream_readable.js:264:11)
    at Socket.Readable.push (_stream_readable.js:219:10)
    at Pipe.onread (net.js:636:20)
	at Function.create (/usr/share/code/resources/app/extensions/typescript-language-features/dist/extension.js:1:197728)
	at v.dispatchResponse (/usr/share/code/resources/app/extensions/typescript-language-features/dist/extension.js:1:203096)
	at v.dispatchMessage (/usr/share/code/resources/app/extensions/typescript-language-features/dist/extension.js:1:201848)
	at constructor._reader.onData.e (/usr/share/code/resources/app/extensions/typescript-language-features/dist/extension.js:1:201204)
	at u.fire (/usr/share/code/resources/app/out/vs/workbench/services/extensions/node/extensionHostProcess.js:47:720)
	at t.Reader.onLengthData (/usr/share/code/resources/app/extensions/typescript-language-features/dist/extension.js:1:206508)
	at Socket.t.Reader.constructor.e.on.e (/usr/share/code/resources/app/extensions/typescript-language-features/dist/extension.js:1:206156)
	at Socket.emit (events.js:182:13)
	at addChunk (_stream_readable.js:279:12)
	at readableAddChunk (_stream_readable.js:264:11)
	at Socket.Readable.push (_stream_readable.js:219:10)
	at Pipe.onread (net.js:636:20)
[2019-06-26 12:10:32.066] [renderer1] [error] TypeScript Server Error (3.5.1)
Cannot read property 'emitNode' of undefined
TypeError: Cannot read property 'emitNode' of undefined
    at Object.getStartsOnNewLine (tsserver.js:64087:29)
    at shouldWriteSeparatingLineTerminator (tsserver.js:87425:27)
    at emitNodeList (tsserver.js:87210:29)
    at emitList (tsserver.js:87107:13)
    at Object.writeList (tsserver.js:84550:13)
    at tsserver.js:107985:29
    at Object.mapToDisplayParts (tsserver.js:97521:13)
    at itemInfoForParameters (tsserver.js:107982:41)
    at getSignatureHelpItem (tsserver.js:107948:95)
    at tsserver.js:107921:79
    at Array.map (<anonymous>)
    at createSignatureHelpItems (tsserver.js:107921:36)
    at tsserver.js:107513:23
    at Object.runWithCancellationToken (tsserver.js:31649:28)
    at Object.getSignatureHelpItems (tsserver.js:107511:32)
    at Object.getSignatureHelpItems (tsserver.js:122240:37)
    at IOSession.Session.getSignatureHelpItems (tsserver.js:131190:62)
    at Session.handlers.ts.createMapFromTemplate._a.(anonymous function) (tsserver.js:130090:61)
    at tsserver.js:131637:88
    at IOSession.Session.executeWithRequestId (tsserver.js:131628:28)
    at IOSession.Session.executeCommand (tsserver.js:131637:33)
    at IOSession.Session.onMessage (tsserver.js:131659:35)
    at Interface.<anonymous> (tsserver.js:132950:27)
    at Interface.emit (events.js:182:13)
    at Interface._onLine (readline.js:290:10)
    at Interface._normalWrite (readline.js:433:12)
    at Socket.ondata (readline.js:149:10)
    at Socket.emit (events.js:182:13)
    at addChunk (_stream_readable.js:279:12)
    at readableAddChunk (_stream_readable.js:264:11)
    at Socket.Readable.push (_stream_readable.js:219:10)
    at Pipe.onread (net.js:636:20): Error: TypeScript Server Error (3.5.1)
Cannot read property 'emitNode' of undefined
TypeError: Cannot read property 'emitNode' of undefined
    at Object.getStartsOnNewLine (tsserver.js:64087:29)
    at shouldWriteSeparatingLineTerminator (tsserver.js:87425:27)
    at emitNodeList (tsserver.js:87210:29)
    at emitList (tsserver.js:87107:13)
    at Object.writeList (tsserver.js:84550:13)
    at tsserver.js:107985:29
    at Object.mapToDisplayParts (tsserver.js:97521:13)
    at itemInfoForParameters (tsserver.js:107982:41)
    at getSignatureHelpItem (tsserver.js:107948:95)
    at tsserver.js:107921:79
    at Array.map (<anonymous>)
    at createSignatureHelpItems (tsserver.js:107921:36)
    at tsserver.js:107513:23
    at Object.runWithCancellationToken (tsserver.js:31649:28)
    at Object.getSignatureHelpItems (tsserver.js:107511:32)
    at Object.getSignatureHelpItems (tsserver.js:122240:37)
    at IOSession.Session.getSignatureHelpItems (tsserver.js:131190:62)
    at Session.handlers.ts.createMapFromTemplate._a.(anonymous function) (tsserver.js:130090:61)
    at tsserver.js:131637:88
    at IOSession.Session.executeWithRequestId (tsserver.js:131628:28)
    at IOSession.Session.executeCommand (tsserver.js:131637:33)
    at IOSession.Session.onMessage (tsserver.js:131659:35)
    at Interface.<anonymous> (tsserver.js:132950:27)
    at Interface.emit (events.js:182:13)
    at Interface._onLine (readline.js:290:10)
    at Interface._normalWrite (readline.js:433:12)
    at Socket.ondata (readline.js:149:10)
    at Socket.emit (events.js:182:13)
    at addChunk (_stream_readable.js:279:12)
    at readableAddChunk (_stream_readable.js:264:11)
    at Socket.Readable.push (_stream_readable.js:219:10)
    at Pipe.onread (net.js:636:20)
	at Function.create (/usr/share/code/resources/app/extensions/typescript-language-features/dist/extension.js:1:197728)
	at v.dispatchResponse (/usr/share/code/resources/app/extensions/typescript-language-features/dist/extension.js:1:203096)
	at v.dispatchMessage (/usr/share/code/resources/app/extensions/typescript-language-features/dist/extension.js:1:201848)
	at constructor._reader.onData.e (/usr/share/code/resources/app/extensions/typescript-language-features/dist/extension.js:1:201204)
	at u.fire (/usr/share/code/resources/app/out/vs/workbench/services/extensions/node/extensionHostProcess.js:47:720)
	at t.Reader.onLengthData (/usr/share/code/resources/app/extensions/typescript-language-features/dist/extension.js:1:206508)
	at Socket.t.Reader.constructor.e.on.e (/usr/share/code/resources/app/extensions/typescript-language-features/dist/extension.js:1:206156)
	at Socket.emit (events.js:182:13)
	at addChunk (_stream_readable.js:279:12)
	at readableAddChunk (_stream_readable.js:264:11)
	at Socket.Readable.push (_stream_readable.js:219:10)
	at Pipe.onread (net.js:636:20)
